<?xml version="1.0" encoding="UTF-8"?>
<!-- Generated by org.testng.reporters.JUnitXMLReporter -->
<testsuite ignored="1" hostname="Batcomputer" failures="0" tests="2" name="Default test" time="0.037" errors="0" timestamp="2025-03-24T13:02:48 IST">
  <testcase classname="Test.DeshiAkhara" name="deshiFight" time="0.01"/>
  <testcase classname="Test.DeshiAkhara" name="deshiHatafai" time="0.001"/>
  <testcase classname="Test.DeshiAkhara" name="deshiKushti" time="0.0">
    <ignored/>
  </testcase> <!-- deshiKushti -->
</testsuite> <!-- Default test -->
