<?xml version="1.0" encoding="UTF-8"?>
<!-- Generated by org.testng.reporters.JUnitXMLReporter -->
<testsuite ignored="0" hostname="Batcomputer" failures="1" tests="9" name="Fight" time="0.053" errors="0" timestamp="2025-03-05T23:27:03 IST">
  <testcase classname="Test.DeshiAkhara" name="DeshiHatafai" time="0.01"/>
  <testcase classname="Test.DeshiAkhara" name="Deshifight" time="0.001"/>
  <testcase classname="Test.ECW" name="EcwExtreme" time="0.0">
    <failure type="org.testng.TestNGException" message="
Parameter &amp;apos;Wrestler&amp;apos; is required by @Test on method EcwExtreme but has not been marked @Optional or defined
in C:\Users\rupam\eclipse-workspace\TestNGTutorial\testng3.xml">
      <![CDATA[org.testng.TestNGException: 
Parameter 'Wrestler' is required by @Test on method EcwExtreme but has not been marked @Optional or defined
in C:\Users\rupam\eclipse-workspace\TestNGTutorial\testng3.xml
at java.base/java.util.ArrayList.forEach(ArrayList.java:1596)
... Removed 26 stack frames]]>
    </failure>
  </testcase> <!-- EcwExtreme -->
  <testcase classname="Test.ECW" name="EcwSpecial" time="0.0"/>
  <testcase classname="Test.TNA" name="TnaSpecial" time="0.001"/>
  <testcase classname="Test.TNA" name="TnaSuper" time="0.0"/>
  <testcase classname="Test.WWE" name="WweRaw" time="0.001"/>
  <testcase classname="Test.WWE" name="WweSmackdown" time="0.001"/>
  <testcase classname="Test.WWE" name="WweSpecial" time="0.001"/>
</testsuite> <!-- Fight -->
