<?xml version="1.0" encoding="UTF-8"?>
<!-- Generated by org.testng.reporters.JUnitXMLReporter -->
<testsuite ignored="0" hostname="Batcomputer" failures="0" tests="11" name="Foreign" time="0.052" errors="0" timestamp="2025-03-06T00:15:57 IST">
  <testcase classname="Test.TNA" name="TnaSpecial" time="0.005"/>
  <testcase classname="Test.ECW" name="EcwExtreme" time="0.005"/>
  <testcase classname="Test.WWE" name="WweRaw" time="0.008"/>
  <testcase classname="Test.DeshiAkhara" name="DeshiHatafai" time="0.009"/>
  <testcase classname="Test.TNA" name="TnaSuper" time="0.002"/>
  <testcase classname="Test.ECW" name="EcwSpecial" time="0.003"/>
  <testcase classname="Test.DeshiAkhara" name="Deshifight" time="0.002"/>
  <testcase classname="Test.WWE" name="WweSmackdown" time="0.006"/>
  <testcase classname="Test.WWE" name="WweSmackdown" time="0.001"/>
  <testcase classname="Test.WWE" name="WweSmackdown" time="0.002"/>
  <testcase classname="Test.WWE" name="WweSpecial" time="0.001"/>
</testsuite> <!-- Foreign -->
