<?xml version="1.0" encoding="UTF-8"?>
<!-- Generated by org.testng.reporters.JUnitXMLReporter -->
<testsuite ignored="0" hostname="Batcomputer" failures="0" tests="5" name="Test2" time="0.017" errors="0" timestamp="2025-03-25T13:55:29 IST">
  <testcase classname="Test.DeshiAkhara" name="deshiFight" time="0.001"/>
  <testcase classname="Test.DeshiAkhara" name="deshiHatafai" time="0.004"/>
  <testcase classname="Test.DeshiAkhara" name="deshiKushti" time="0.003"/>
  <testcase classname="Test.DeshiAkhara" name="deshiKushti" time="0.001"/>
  <testcase classname="Test.DeshiAkhara" name="deshiKushti" time="0.001"/>
</testsuite> <!-- Test2 -->
