<?xml version="1.0" encoding="UTF-8"?>
<!-- Generated by org.testng.reporters.JUnitXMLReporter -->
<testsuite ignored="0" hostname="Batcomputer" failures="0" tests="9" name="Test" time="0.043" errors="0" timestamp="2025-03-25T13:19:39 IST">
  <testcase classname="Test.TNA" name="tnaAdvance" time="0.003"/>
  <testcase classname="Test.TNA" name="tnaSpecial" time="0.0"/>
  <testcase classname="Test.TNA" name="tnaSuper" time="0.0"/>
  <testcase classname="Test.ECW" name="ecwCriteria" time="0.001"/>
  <testcase classname="Test.ECW" name="ecwExtreme" time="0.002"/>
  <testcase classname="Test.ECW" name="ecwSpecial" time="0.001"/>
  <testcase classname="Test.WWE" name="wweRaw" time="0.0"/>
  <testcase classname="Test.WWE" name="wweSmackdown" time="0.001"/>
  <testcase classname="Test.WWE" name="wweSpecial" time="0.001"/>
</testsuite> <!-- Test -->
