<?xml version="1.0" encoding="UTF-8"?>
<testsuite xmlns:xsi="http://www.w3.org/2001/XMLSchema-instance" xsi:noNamespaceSchemaLocation="https://maven.apache.org/surefire/maven-surefire-plugin/xsd/surefire-test-report.xsd" version="3.0.2" name="TestSuite" time="0.452" tests="14" errors="0" skipped="0" failures="0">
  <properties>
[...]
</properties>
  <testcase name="tnaAdvance" classname="Test.TNA" time="0.004">
    <system-out><![CDATA[This is Tna advance
This is passed
]]></system-out>
    <system-err><![CDATA[SLF4J(W): No SLF4J providers were found.
SLF4J(W): Defaulting to no-operation (NOP) logger implementation
SLF4J(W): See https://www.slf4j.org/codes.html#noProviders for further details.
]]></system-err>
  </testcase>
  <testcase name="tnaSpecial" classname="Test.TNA" time="0.002">
    <system-out><![CDATA[This is Tna spcial
This is passed
]]></system-out>
  </testcase>
  <testcase name="tnaSuper" classname="Test.TNA" time="0.001">
    <system-out><![CDATA[This is Tna super
This is passed
]]></system-out>
  </testcase>
  <testcase name="ecwCriteria" classname="Test.ECW" time="0.002">
    <system-out><![CDATA[Need full audience
This is passed
]]></system-out>
  </testcase>
  <testcase name="ecwExtreme" classname="Test.ECW" time="0.001">
    <system-out><![CDATA[This is Ecw extreme
This is passed
]]></system-out>
  </testcase>
  <testcase name="ecwSpecial" classname="Test.ECW" time="0.001">
    <system-out><![CDATA[This is Ecw special
This is passed
]]></system-out>
  </testcase>
  <testcase name="wweRaw" classname="Test.WWE" time="0.001">
    <system-out><![CDATA[This is monday night Raw
This is passed
]]></system-out>
  </testcase>
  <testcase name="wweSmackdown" classname="Test.WWE" time="0.011">
    <system-out><![CDATA[This is tuesday night Smackdown
This is passed
]]></system-out>
  </testcase>
  <testcase name="wweSpecial" classname="Test.WWE" time="0.001">
    <system-out><![CDATA[This is Wwe special
This is passed
]]></system-out>
  </testcase>
  <testcase name="deshiFight" classname="Test.DeshiAkhara" time="0.001">
    <system-out><![CDATA[This is Deshi fight
This is passed
]]></system-out>
  </testcase>
  <testcase name="deshiHatafai[Chrome](2)" classname="Test.DeshiAkhara" time="0.005">
    <system-out><![CDATA[This is Deshi hatafai
Chrome
This is passed
]]></system-out>
  </testcase>
  <testcase name="deshiKushti[Rupam, Ban](1)" classname="Test.DeshiAkhara" time="0.002">
    <system-out><![CDATA[RupamBan
This is passed
]]></system-out>
  </testcase>
  <testcase name="deshiKushti[Ramen, Muk](2)" classname="Test.DeshiAkhara" time="0.001">
    <system-out><![CDATA[RamenMuk
This is passed
]]></system-out>
  </testcase>
  <testcase name="deshiKushti[Arpan, Muk](3)" classname="Test.DeshiAkhara" time="0.0">
    <system-out><![CDATA[ArpanMuk
This is passed
]]></system-out>
  </testcase>
</testsuite>